build/app/intermediates/manifest_merge_blame_file/debug/manifest-merger-blame-debug-report.txt
1<?xml version="1.0" encoding="utf-8"?>
2<manifest xmlns:android="http://schemas.android.com/apk/res/android"
3    package="com.example.firebase.untitled1"
4    android:versionCode="1"
5    android:versionName="1.0.0" >
6
7    <uses-sdk
8        android:minSdkVersion="21"
9        android:targetSdkVersion="33" />
10    <!--
11         The INTERNET permission is required for development. Specifically,
12         the Flutter tool needs it to communicate with the running application
13         to allow setting breakpoints, to provide hot reload, etc.
14    -->
15    <uses-permission android:name="android.permission.INTERNET" />
15-->src/debug/AndroidManifest.xml:7:5-66
15-->src/debug/AndroidManifest.xml:7:22-64
16    <uses-permission android:name="android.permission.READ_EXTERNAL_STORAGE" />
16-->src/main/AndroidManifest.xml:3:5-80
16-->src/main/AndroidManifest.xml:3:22-77
17    <uses-permission android:name="android.permission.WRITE_EXTERNAL_STORAGE" />
17-->src/main/AndroidManifest.xml:4:5-81
17-->src/main/AndroidManifest.xml:4:22-78
18    <uses-permission android:name="android.permission.CAMERA" />
18-->src/main/AndroidManifest.xml:5:5-65
18-->src/main/AndroidManifest.xml:5:22-62
19    <uses-permission android:name="android.permission.ACCESS_NETWORK_STATE" />
19-->[:firebase_analytics] AndroidManifest.xml:9:5-79
19-->[:firebase_analytics] AndroidManifest.xml:9:22-76
20    <uses-permission android:name="android.permission.WAKE_LOCK" /> <!-- Permissions options for the `notification` group -->
20-->[:firebase_analytics] AndroidManifest.xml:11:5-68
20-->[:firebase_analytics] AndroidManifest.xml:11:22-65
21    <uses-permission android:name="android.permission.POST_NOTIFICATIONS" />
21-->[:firebase_messaging] AndroidManifest.xml:13:5-77
21-->[:firebase_messaging] AndroidManifest.xml:13:22-74
22    <uses-permission android:name="android.permission.RECEIVE_BOOT_COMPLETED" />
22-->[:flutter_local_notifications] AndroidManifest.xml:9:5-81
22-->[:flutter_local_notifications] AndroidManifest.xml:9:22-78
23    <uses-permission android:name="android.permission.VIBRATE" />
23-->[:flutter_local_notifications] AndroidManifest.xml:10:5-66
23-->[:flutter_local_notifications] AndroidManifest.xml:10:22-63
24    <uses-permission android:name="android.permission.USE_FULL_SCREEN_INTENT" />
24-->[:flutter_local_notifications] AndroidManifest.xml:11:5-81
24-->[:flutter_local_notifications] AndroidManifest.xml:11:22-78
25    <uses-permission android:name="android.permission.SCHEDULE_EXACT_ALARM" /> <!-- Required by older versions of Google Play services to create IID tokens -->
25-->[:flutter_local_notifications] AndroidManifest.xml:12:5-79
25-->[:flutter_local_notifications] AndroidManifest.xml:12:22-76
26    <uses-permission android:name="com.google.android.c2dm.permission.RECEIVE" />
26-->[com.google.firebase:firebase-messaging:23.1.2] AndroidManifest.xml:28:5-82
26-->[com.google.firebase:firebase-messaging:23.1.2] AndroidManifest.xml:28:22-79
27    <uses-permission android:name="com.google.android.gms.permission.AD_ID" />
27-->[com.google.android.gms:play-services-measurement-api:21.2.1] AndroidManifest.xml:25:5-79
27-->[com.google.android.gms:play-services-measurement-api:21.2.1] AndroidManifest.xml:25:22-76
28    <uses-permission android:name="com.google.android.finsky.permission.BIND_GET_INSTALL_REFERRER_SERVICE" />
28-->[com.google.android.gms:play-services-measurement:21.2.1] AndroidManifest.xml:26:5-110
28-->[com.google.android.gms:play-services-measurement:21.2.1] AndroidManifest.xml:26:22-107
29
30    <permission
30-->[androidx.core:core:1.9.0] AndroidManifest.xml:22:5-24:47
31        android:name="com.example.firebase.untitled1.DYNAMIC_RECEIVER_NOT_EXPORTED_PERMISSION"
31-->[androidx.core:core:1.9.0] AndroidManifest.xml:23:9-81
32        android:protectionLevel="signature" />
32-->[androidx.core:core:1.9.0] AndroidManifest.xml:24:9-44
33
34    <uses-permission android:name="com.example.firebase.untitled1.DYNAMIC_RECEIVER_NOT_EXPORTED_PERMISSION" />
34-->[androidx.core:core:1.9.0] AndroidManifest.xml:26:5-97
34-->[androidx.core:core:1.9.0] AndroidManifest.xml:26:22-94
35
36    <application
37        android:name="android.app.Application"
38        android:appComponentFactory="androidx.core.app.CoreComponentFactory"
38-->[androidx.core:core:1.9.0] AndroidManifest.xml:28:18-86
39        android:debuggable="true"
40        android:icon="@mipmap/ic_launcher"
41        android:label="untitled1"
42        android:requestLegacyExternalStorage="true"
43        android:usesCleartextTraffic="true" >
44        <activity
45            android:name="com.example.firebase.untitled1.MainActivity"
46            android:configChanges="orientation|keyboardHidden|keyboard|screenSize|smallestScreenSize|locale|layoutDirection|fontScale|screenLayout|density|uiMode"
47            android:exported="true"
48            android:hardwareAccelerated="true"
49            android:launchMode="singleTop"
50            android:theme="@style/LaunchTheme"
51            android:windowSoftInputMode="adjustResize" >
52
53            <!--
54                 Specifies an Android theme to apply to this Activity as soon as
55                 the Android process has started. This theme is visible to the user
56                 while the Flutter UI initializes. After that, this theme continues
57                 to determine the Window background behind the Flutter UI.
58            -->
59            <meta-data
60                android:name="io.flutter.embedding.android.NormalTheme"
61                android:resource="@style/NormalTheme" />
62
63            <intent-filter>
64                <action android:name="android.intent.action.MAIN" />
65
66                <category android:name="android.intent.category.LAUNCHER" />
67            </intent-filter>
68        </activity>
69        <!--
70             Don't delete the meta-data below.
71             This is used by the Flutter tool to generate GeneratedPluginRegistrant.java
72        -->
73        <meta-data
74            android:name="flutterEmbedding"
75            android:value="2" />
76        <meta-data
77            android:name="firebase_messaging_auto_init_enabled"
78            android:value="false" />
79        <meta-data
80            android:name="com.google.firebase.messaging.default_notification_channel_id"
81            android:value="@string/default_notification_channel_id" />
82        <meta-data
83            android:name="firebase_analytics_collection_enabled"
84            android:value="false" />
85
86        <service
86-->[:firebase_crashlytics] AndroidManifest.xml:10:9-14:19
87            android:name="com.google.firebase.components.ComponentDiscoveryService"
87-->[:firebase_crashlytics] AndroidManifest.xml:10:18-89
88            android:directBootAware="true"
88-->[com.google.firebase:firebase-common:20.3.2] AndroidManifest.xml:34:13-43
89            android:exported="false" >
89-->[com.google.firebase:firebase-auth:21.2.0] AndroidManifest.xml:68:13-37
90            <meta-data
90-->[:firebase_crashlytics] AndroidManifest.xml:11:13-13:85
91                android:name="com.google.firebase.components:io.flutter.plugins.firebase.crashlytics.FlutterFirebaseAppRegistrar"
91-->[:firebase_crashlytics] AndroidManifest.xml:12:17-130
92                android:value="com.google.firebase.components.ComponentRegistrar" />
92-->[:firebase_crashlytics] AndroidManifest.xml:13:17-82
93            <meta-data
93-->[:firebase_database] AndroidManifest.xml:11:13-13:85
94                android:name="com.google.firebase.components:io.flutter.plugins.firebase.database.FlutterFirebaseAppRegistrar"
94-->[:firebase_database] AndroidManifest.xml:12:17-127
95                android:value="com.google.firebase.components.ComponentRegistrar" />
95-->[:firebase_database] AndroidManifest.xml:13:17-82
96            <meta-data
96-->[:cloud_firestore] AndroidManifest.xml:11:13-13:85
97                android:name="com.google.firebase.components:io.flutter.plugins.firebase.firestore.FlutterFirebaseFirestoreRegistrar"
97-->[:cloud_firestore] AndroidManifest.xml:12:17-134
98                android:value="com.google.firebase.components.ComponentRegistrar" />
98-->[:cloud_firestore] AndroidManifest.xml:13:17-82
99            <meta-data
99-->[:firebase_analytics] AndroidManifest.xml:15:13-17:85
100                android:name="com.google.firebase.components:io.flutter.plugins.firebase.analytics.FlutterFirebaseAppRegistrar"
100-->[:firebase_analytics] AndroidManifest.xml:16:17-128
101                android:value="com.google.firebase.components.ComponentRegistrar" />
101-->[:firebase_analytics] AndroidManifest.xml:17:17-82
102            <meta-data
102-->[:firebase_auth] AndroidManifest.xml:11:13-13:85
103                android:name="com.google.firebase.components:io.flutter.plugins.firebase.auth.FlutterFirebaseAuthRegistrar"
103-->[:firebase_auth] AndroidManifest.xml:12:17-124
104                android:value="com.google.firebase.components.ComponentRegistrar" />
104-->[:firebase_auth] AndroidManifest.xml:13:17-82
105            <meta-data
105-->[:firebase_storage] AndroidManifest.xml:11:13-13:85
106                android:name="com.google.firebase.components:io.flutter.plugins.firebase.storage.FlutterFirebaseAppRegistrar"
106-->[:firebase_storage] AndroidManifest.xml:12:17-126
107                android:value="com.google.firebase.components.ComponentRegistrar" />
107-->[:firebase_storage] AndroidManifest.xml:13:17-82
108            <meta-data
108-->[:firebase_messaging] AndroidManifest.xml:38:13-40:85
109                android:name="com.google.firebase.components:io.flutter.plugins.firebase.messaging.FlutterFirebaseAppRegistrar"
109-->[:firebase_messaging] AndroidManifest.xml:39:17-128
110                android:value="com.google.firebase.components.ComponentRegistrar" />
110-->[:firebase_messaging] AndroidManifest.xml:40:17-82
111            <meta-data
111-->[:firebase_core] AndroidManifest.xml:11:13-13:85
112                android:name="com.google.firebase.components:io.flutter.plugins.firebase.core.FlutterFirebaseCoreRegistrar"
112-->[:firebase_core] AndroidManifest.xml:12:17-124
113                android:value="com.google.firebase.components.ComponentRegistrar" />
113-->[:firebase_core] AndroidManifest.xml:13:17-82
114            <meta-data
114-->[com.google.firebase:firebase-auth:21.2.0] AndroidManifest.xml:69:13-71:85
115                android:name="com.google.firebase.components:com.google.firebase.auth.FirebaseAuthRegistrar"
115-->[com.google.firebase:firebase-auth:21.2.0] AndroidManifest.xml:70:17-109
116                android:value="com.google.firebase.components.ComponentRegistrar" />
116-->[com.google.firebase:firebase-auth:21.2.0] AndroidManifest.xml:71:17-82
117            <meta-data
117-->[com.google.firebase:firebase-firestore:24.4.5] AndroidManifest.xml:19:13-21:85
118                android:name="com.google.firebase.components:com.google.firebase.firestore.FirestoreRegistrar"
118-->[com.google.firebase:firebase-firestore:24.4.5] AndroidManifest.xml:20:17-111
119                android:value="com.google.firebase.components.ComponentRegistrar" />
119-->[com.google.firebase:firebase-firestore:24.4.5] AndroidManifest.xml:21:17-82
120            <meta-data
120-->[com.google.firebase:firebase-messaging:23.1.2] AndroidManifest.xml:55:13-57:85
121                android:name="com.google.firebase.components:com.google.firebase.messaging.FirebaseMessagingRegistrar"
121-->[com.google.firebase:firebase-messaging:23.1.2] AndroidManifest.xml:56:17-119
122                android:value="com.google.firebase.components.ComponentRegistrar" />
122-->[com.google.firebase:firebase-messaging:23.1.2] AndroidManifest.xml:57:17-82
123            <meta-data
123-->[com.google.firebase:firebase-storage:20.1.0] AndroidManifest.xml:32:13-34:85
124                android:name="com.google.firebase.components:com.google.firebase.storage.StorageRegistrar"
124-->[com.google.firebase:firebase-storage:20.1.0] AndroidManifest.xml:33:17-107
125                android:value="com.google.firebase.components.ComponentRegistrar" />
125-->[com.google.firebase:firebase-storage:20.1.0] AndroidManifest.xml:34:17-82
126            <meta-data
126-->[com.google.firebase:firebase-database:20.1.0] AndroidManifest.xml:31:13-33:85
127                android:name="com.google.firebase.components:com.google.firebase.database.DatabaseRegistrar"
127-->[com.google.firebase:firebase-database:20.1.0] AndroidManifest.xml:32:17-109
128                android:value="com.google.firebase.components.ComponentRegistrar" />
128-->[com.google.firebase:firebase-database:20.1.0] AndroidManifest.xml:33:17-82
129            <meta-data
129-->[com.google.firebase:firebase-iid:21.1.0] AndroidManifest.xml:32:13-34:85
130                android:name="com.google.firebase.components:com.google.firebase.iid.Registrar"
130-->[com.google.firebase:firebase-iid:21.1.0] AndroidManifest.xml:33:17-96
131                android:value="com.google.firebase.components.ComponentRegistrar" />
131-->[com.google.firebase:firebase-iid:21.1.0] AndroidManifest.xml:34:17-82
132            <meta-data
132-->[com.google.firebase:firebase-crashlytics:18.3.6] AndroidManifest.xml:17:13-19:85
133                android:name="com.google.firebase.components:com.google.firebase.crashlytics.CrashlyticsRegistrar"
133-->[com.google.firebase:firebase-crashlytics:18.3.6] AndroidManifest.xml:18:17-115
134                android:value="com.google.firebase.components.ComponentRegistrar" />
134-->[com.google.firebase:firebase-crashlytics:18.3.6] AndroidManifest.xml:19:17-82
135            <meta-data
135-->[com.google.android.gms:play-services-measurement-api:21.2.1] AndroidManifest.xml:31:13-33:85
136                android:name="com.google.firebase.components:com.google.firebase.analytics.connector.internal.AnalyticsConnectorRegistrar"
136-->[com.google.android.gms:play-services-measurement-api:21.2.1] AndroidManifest.xml:32:17-139
137                android:value="com.google.firebase.components.ComponentRegistrar" />
137-->[com.google.android.gms:play-services-measurement-api:21.2.1] AndroidManifest.xml:33:17-82
138            <meta-data
138-->[com.google.firebase:firebase-installations:17.1.3] AndroidManifest.xml:17:13-19:85
139                android:name="com.google.firebase.components:com.google.firebase.installations.FirebaseInstallationsRegistrar"
139-->[com.google.firebase:firebase-installations:17.1.3] AndroidManifest.xml:18:17-127
140                android:value="com.google.firebase.components.ComponentRegistrar" />
140-->[com.google.firebase:firebase-installations:17.1.3] AndroidManifest.xml:19:17-82
141            <meta-data
141-->[com.google.firebase:firebase-datatransport:18.1.7] AndroidManifest.xml:27:13-29:85
142                android:name="com.google.firebase.components:com.google.firebase.datatransport.TransportRegistrar"
142-->[com.google.firebase:firebase-datatransport:18.1.7] AndroidManifest.xml:28:17-115
143                android:value="com.google.firebase.components.ComponentRegistrar" />
143-->[com.google.firebase:firebase-datatransport:18.1.7] AndroidManifest.xml:29:17-82
144        </service>
145        <service
145-->[:firebase_messaging] AndroidManifest.xml:16:9-19:72
146            android:name="io.flutter.plugins.firebase.messaging.FlutterFirebaseMessagingBackgroundService"
146-->[:firebase_messaging] AndroidManifest.xml:17:13-107
147            android:exported="false"
147-->[:firebase_messaging] AndroidManifest.xml:18:13-37
148            android:permission="android.permission.BIND_JOB_SERVICE" />
148-->[:firebase_messaging] AndroidManifest.xml:19:13-69
149        <service
149-->[:firebase_messaging] AndroidManifest.xml:20:9-26:19
150            android:name="io.flutter.plugins.firebase.messaging.FlutterFirebaseMessagingService"
150-->[:firebase_messaging] AndroidManifest.xml:21:13-97
151            android:exported="false" >
151-->[:firebase_messaging] AndroidManifest.xml:22:13-37
152            <intent-filter>
152-->[:firebase_messaging] AndroidManifest.xml:23:13-25:29
153                <action android:name="com.google.firebase.MESSAGING_EVENT" />
153-->[:firebase_messaging] AndroidManifest.xml:24:17-78
153-->[:firebase_messaging] AndroidManifest.xml:24:25-75
154            </intent-filter>
155        </service>
156
157        <receiver
157-->[:firebase_messaging] AndroidManifest.xml:28:9-35:20
158            android:name="io.flutter.plugins.firebase.messaging.FlutterFirebaseMessagingReceiver"
158-->[:firebase_messaging] AndroidManifest.xml:29:13-98
159            android:exported="true"
159-->[:firebase_messaging] AndroidManifest.xml:30:13-36
160            android:permission="com.google.android.c2dm.permission.SEND" >
160-->[:firebase_messaging] AndroidManifest.xml:31:13-73
161            <intent-filter>
161-->[:firebase_messaging] AndroidManifest.xml:32:13-34:29
162                <action android:name="com.google.android.c2dm.intent.RECEIVE" />
162-->[:firebase_messaging] AndroidManifest.xml:33:17-81
162-->[:firebase_messaging] AndroidManifest.xml:33:25-78
163            </intent-filter>
164        </receiver>
165
166        <provider
166-->[:firebase_messaging] AndroidManifest.xml:43:9-47:38
167            android:name="io.flutter.plugins.firebase.messaging.FlutterFirebaseMessagingInitProvider"
167-->[:firebase_messaging] AndroidManifest.xml:44:13-102
168            android:authorities="com.example.firebase.untitled1.flutterfirebasemessaginginitprovider"
168-->[:firebase_messaging] AndroidManifest.xml:45:13-88
169            android:exported="false"
169-->[:firebase_messaging] AndroidManifest.xml:46:13-37
170            android:initOrder="99" />
170-->[:firebase_messaging] AndroidManifest.xml:47:13-35
171        <provider
171-->[:image_picker_android] AndroidManifest.xml:10:9-18:20
172            android:name="io.flutter.plugins.imagepicker.ImagePickerFileProvider"
172-->[:image_picker_android] AndroidManifest.xml:11:13-82
173            android:authorities="com.example.firebase.untitled1.flutter.image_provider"
173-->[:image_picker_android] AndroidManifest.xml:12:13-74
174            android:exported="false"
174-->[:image_picker_android] AndroidManifest.xml:13:13-37
175            android:grantUriPermissions="true" >
175-->[:image_picker_android] AndroidManifest.xml:14:13-47
176            <meta-data
176-->[:image_picker_android] AndroidManifest.xml:15:13-17:75
177                android:name="android.support.FILE_PROVIDER_PATHS"
177-->[:image_picker_android] AndroidManifest.xml:16:17-67
178                android:resource="@xml/flutter_image_picker_file_paths" />
178-->[:image_picker_android] AndroidManifest.xml:17:17-72
179        </provider>
180
181        <receiver
181-->[:flutter_local_notifications] AndroidManifest.xml:16:9-18:40
182            android:name="com.dexterous.flutterlocalnotifications.ActionBroadcastReceiver"
182-->[:flutter_local_notifications] AndroidManifest.xml:17:13-91
183            android:exported="false" />
183-->[:flutter_local_notifications] AndroidManifest.xml:18:13-37
184        <receiver
184-->[:flutter_local_notifications] AndroidManifest.xml:19:9-21:40
185            android:name="com.dexterous.flutterlocalnotifications.ScheduledNotificationReceiver"
185-->[:flutter_local_notifications] AndroidManifest.xml:20:13-97
186            android:exported="false" />
186-->[:flutter_local_notifications] AndroidManifest.xml:21:13-37
187        <receiver
187-->[:flutter_local_notifications] AndroidManifest.xml:22:9-31:20
188            android:name="com.dexterous.flutterlocalnotifications.ScheduledNotificationBootReceiver"
188-->[:flutter_local_notifications] AndroidManifest.xml:23:13-101
189            android:exported="false" >
189-->[:flutter_local_notifications] AndroidManifest.xml:24:13-37
190            <intent-filter>
190-->[:flutter_local_notifications] AndroidManifest.xml:25:13-30:29
191                <action android:name="android.intent.action.BOOT_COMPLETED" />
191-->[:flutter_local_notifications] AndroidManifest.xml:26:17-79
191-->[:flutter_local_notifications] AndroidManifest.xml:26:25-76
192                <action android:name="android.intent.action.MY_PACKAGE_REPLACED" />
192-->[:flutter_local_notifications] AndroidManifest.xml:27:17-84
192-->[:flutter_local_notifications] AndroidManifest.xml:27:25-81
193                <action android:name="android.intent.action.QUICKBOOT_POWERON" />
193-->[:flutter_local_notifications] AndroidManifest.xml:28:17-82
193-->[:flutter_local_notifications] AndroidManifest.xml:28:25-79
194                <action android:name="com.htc.intent.action.QUICKBOOT_POWERON" />
194-->[:flutter_local_notifications] AndroidManifest.xml:29:17-82
194-->[:flutter_local_notifications] AndroidManifest.xml:29:25-79
195            </intent-filter>
196        </receiver>
197
198        <activity
198-->[com.google.android.gms:play-services-auth:20.4.1] AndroidManifest.xml:23:9-27:75
199            android:name="com.google.android.gms.auth.api.signin.internal.SignInHubActivity"
199-->[com.google.android.gms:play-services-auth:20.4.1] AndroidManifest.xml:24:13-93
200            android:excludeFromRecents="true"
200-->[com.google.android.gms:play-services-auth:20.4.1] AndroidManifest.xml:25:13-46
201            android:exported="false"
201-->[com.google.android.gms:play-services-auth:20.4.1] AndroidManifest.xml:26:13-37
202            android:theme="@android:style/Theme.Translucent.NoTitleBar" />
202-->[com.google.android.gms:play-services-auth:20.4.1] AndroidManifest.xml:27:13-72
203        <!--
204            Service handling Google Sign-In user revocation. For apps that do not integrate with
205            Google Sign-In, this service will never be started.
206        -->
207        <service
207-->[com.google.android.gms:play-services-auth:20.4.1] AndroidManifest.xml:33:9-37:51
208            android:name="com.google.android.gms.auth.api.signin.RevocationBoundService"
208-->[com.google.android.gms:play-services-auth:20.4.1] AndroidManifest.xml:34:13-89
209            android:exported="true"
209-->[com.google.android.gms:play-services-auth:20.4.1] AndroidManifest.xml:35:13-36
210            android:permission="com.google.android.gms.auth.api.signin.permission.REVOCATION_NOTIFICATION"
210-->[com.google.android.gms:play-services-auth:20.4.1] AndroidManifest.xml:36:13-107
211            android:visibleToInstantApps="true" />
211-->[com.google.android.gms:play-services-auth:20.4.1] AndroidManifest.xml:37:13-48
212
213        <activity
213-->[com.google.firebase:firebase-auth:21.2.0] AndroidManifest.xml:29:9-46:20
214            android:name="com.google.firebase.auth.internal.GenericIdpActivity"
214-->[com.google.firebase:firebase-auth:21.2.0] AndroidManifest.xml:30:13-80
215            android:excludeFromRecents="true"
215-->[com.google.firebase:firebase-auth:21.2.0] AndroidManifest.xml:31:13-46
216            android:exported="true"
216-->[com.google.firebase:firebase-auth:21.2.0] AndroidManifest.xml:32:13-36
217            android:launchMode="singleTask"
217-->[com.google.firebase:firebase-auth:21.2.0] AndroidManifest.xml:33:13-44
218            android:theme="@android:style/Theme.Translucent.NoTitleBar" >
218-->[com.google.firebase:firebase-auth:21.2.0] AndroidManifest.xml:34:13-72
219            <intent-filter>
219-->[com.google.firebase:firebase-auth:21.2.0] AndroidManifest.xml:35:13-45:29
220                <action android:name="android.intent.action.VIEW" />
220-->[com.google.firebase:firebase-auth:21.2.0] AndroidManifest.xml:36:17-69
220-->[com.google.firebase:firebase-auth:21.2.0] AndroidManifest.xml:36:25-66
221
222                <category android:name="android.intent.category.DEFAULT" />
222-->[com.google.firebase:firebase-auth:21.2.0] AndroidManifest.xml:38:17-76
222-->[com.google.firebase:firebase-auth:21.2.0] AndroidManifest.xml:38:27-73
223                <category android:name="android.intent.category.BROWSABLE" />
223-->[com.google.firebase:firebase-auth:21.2.0] AndroidManifest.xml:39:17-78
223-->[com.google.firebase:firebase-auth:21.2.0] AndroidManifest.xml:39:27-75
224
225                <data
225-->[com.google.firebase:firebase-auth:21.2.0] AndroidManifest.xml:41:17-44:51
226                    android:host="firebase.auth"
226-->[com.google.firebase:firebase-auth:21.2.0] AndroidManifest.xml:42:21-49
227                    android:path="/"
227-->[com.google.firebase:firebase-auth:21.2.0] AndroidManifest.xml:43:21-37
228                    android:scheme="genericidp" />
228-->[com.google.firebase:firebase-auth:21.2.0] AndroidManifest.xml:44:21-48
229            </intent-filter>
230        </activity>
231        <activity
231-->[com.google.firebase:firebase-auth:21.2.0] AndroidManifest.xml:47:9-64:20
232            android:name="com.google.firebase.auth.internal.RecaptchaActivity"
232-->[com.google.firebase:firebase-auth:21.2.0] AndroidManifest.xml:48:13-79
233            android:excludeFromRecents="true"
233-->[com.google.firebase:firebase-auth:21.2.0] AndroidManifest.xml:49:13-46
234            android:exported="true"
234-->[com.google.firebase:firebase-auth:21.2.0] AndroidManifest.xml:50:13-36
235            android:launchMode="singleTask"
235-->[com.google.firebase:firebase-auth:21.2.0] AndroidManifest.xml:51:13-44
236            android:theme="@android:style/Theme.Translucent.NoTitleBar" >
236-->[com.google.firebase:firebase-auth:21.2.0] AndroidManifest.xml:52:13-72
237            <intent-filter>
237-->[com.google.firebase:firebase-auth:21.2.0] AndroidManifest.xml:53:13-63:29
238                <action android:name="android.intent.action.VIEW" />
238-->[com.google.firebase:firebase-auth:21.2.0] AndroidManifest.xml:36:17-69
238-->[com.google.firebase:firebase-auth:21.2.0] AndroidManifest.xml:36:25-66
239
240                <category android:name="android.intent.category.DEFAULT" />
240-->[com.google.firebase:firebase-auth:21.2.0] AndroidManifest.xml:38:17-76
240-->[com.google.firebase:firebase-auth:21.2.0] AndroidManifest.xml:38:27-73
241                <category android:name="android.intent.category.BROWSABLE" />
241-->[com.google.firebase:firebase-auth:21.2.0] AndroidManifest.xml:39:17-78
241-->[com.google.firebase:firebase-auth:21.2.0] AndroidManifest.xml:39:27-75
242
243                <data
243-->[com.google.firebase:firebase-auth:21.2.0] AndroidManifest.xml:41:17-44:51
244                    android:host="firebase.auth"
244-->[com.google.firebase:firebase-auth:21.2.0] AndroidManifest.xml:42:21-49
245                    android:path="/"
245-->[com.google.firebase:firebase-auth:21.2.0] AndroidManifest.xml:43:21-37
246                    android:scheme="recaptcha" />
246-->[com.google.firebase:firebase-auth:21.2.0] AndroidManifest.xml:44:21-48
247            </intent-filter>
248        </activity>
249
250        <receiver
250-->[com.google.firebase:firebase-messaging:23.1.2] AndroidManifest.xml:31:9-38:20
251            android:name="com.google.firebase.iid.FirebaseInstanceIdReceiver"
251-->[com.google.firebase:firebase-messaging:23.1.2] AndroidManifest.xml:32:13-78
252            android:exported="true"
252-->[com.google.firebase:firebase-messaging:23.1.2] AndroidManifest.xml:33:13-36
253            android:permission="com.google.android.c2dm.permission.SEND" >
253-->[com.google.firebase:firebase-messaging:23.1.2] AndroidManifest.xml:34:13-73
254            <intent-filter>
254-->[:firebase_messaging] AndroidManifest.xml:32:13-34:29
255                <action android:name="com.google.android.c2dm.intent.RECEIVE" />
255-->[:firebase_messaging] AndroidManifest.xml:33:17-81
255-->[:firebase_messaging] AndroidManifest.xml:33:25-78
256            </intent-filter>
257        </receiver>
258        <!--
259             FirebaseMessagingService performs security checks at runtime,
260             but set to not exported to explicitly avoid allowing another app to call it.
261        -->
262        <service
262-->[com.google.firebase:firebase-messaging:23.1.2] AndroidManifest.xml:44:9-51:19
263            android:name="com.google.firebase.messaging.FirebaseMessagingService"
263-->[com.google.firebase:firebase-messaging:23.1.2] AndroidManifest.xml:45:13-82
264            android:directBootAware="true"
264-->[com.google.firebase:firebase-messaging:23.1.2] AndroidManifest.xml:46:13-43
265            android:exported="false" >
265-->[com.google.firebase:firebase-messaging:23.1.2] AndroidManifest.xml:47:13-37
266            <intent-filter android:priority="-500" >
266-->[:firebase_messaging] AndroidManifest.xml:23:13-25:29
267                <action android:name="com.google.firebase.MESSAGING_EVENT" />
267-->[:firebase_messaging] AndroidManifest.xml:24:17-78
267-->[:firebase_messaging] AndroidManifest.xml:24:25-75
268            </intent-filter>
269        </service>
270
271        <activity
271-->[com.google.android.gms:play-services-base:18.0.1] AndroidManifest.xml:20:9-22:45
272            android:name="com.google.android.gms.common.api.GoogleApiActivity"
272-->[com.google.android.gms:play-services-base:18.0.1] AndroidManifest.xml:20:19-85
273            android:exported="false"
273-->[com.google.android.gms:play-services-base:18.0.1] AndroidManifest.xml:22:19-43
274            android:theme="@android:style/Theme.Translucent.NoTitleBar" />
274-->[com.google.android.gms:play-services-base:18.0.1] AndroidManifest.xml:21:19-78
275
276        <provider
276-->[com.google.firebase:firebase-common:20.3.2] AndroidManifest.xml:25:9-30:39
277            android:name="com.google.firebase.provider.FirebaseInitProvider"
277-->[com.google.firebase:firebase-common:20.3.2] AndroidManifest.xml:26:13-77
278            android:authorities="com.example.firebase.untitled1.firebaseinitprovider"
278-->[com.google.firebase:firebase-common:20.3.2] AndroidManifest.xml:27:13-72
279            android:directBootAware="true"
279-->[com.google.firebase:firebase-common:20.3.2] AndroidManifest.xml:28:13-43
280            android:exported="false"